<?xml version="1.0" encoding="UTF-8"?>
<testsuite name="agh.ics.oop.Vector2dTest" tests="1" skipped="0" failures="0" errors="0" timestamp="2022-10-15T20:26:23" hostname="LAPTOP-KPBHKIRC" time="0.027">
  <properties/>
  <testcase name="testEquals()" classname="agh.ics.oop.Vector2dTest" time="0.027"/>
  <system-out><![CDATA[]]></system-out>
  <system-err><![CDATA[]]></system-err>
</testsuite>
